# JRE version: Java(TM) SE Runtime Environment (21.0.6+8) (build 21.0.6+8-LTS-188)
# Java VM: Java HotSpot(TM) 64-Bit Server VM (21.0.6+8-LTS-188, mixed mode, sharing, tiered, compressed oops, compressed class ptrs, g1 gc, windows-amd64)
GC Precious Log:
 CardTable entry size: 512
 Card Set container configuration: InlinePtr #cards 4 size 8 Array Of Cards #cards 16 size 48 Howl #buckets 8 coarsen threshold 3686 Howl Bitmap #cards 512 size 80 coarsen threshold 460 Card regions per heap region 1 cards per card region 4096
 CPUs: 12 total, 12 available
 Memory: 16108M
 Large Page Support: Disabled
 NUMA Support: Disabled
 Compressed Oops: Enabled (Zero based)
 Heap Region Size: 2M
 Heap Min Capacity: 8M
 Heap Initial Capacity: 252M
 Heap Max Capacity: 4028M
 Pre-touch: Disabled
 Parallel Workers: 10
 Concurrent Workers: 3
 Concurrent Refinement Workers: 10
 Periodic GC: Disabled
Heap:
 garbage-first heap   total 262144K, used 233728K [0x0000000704400000, 0x0000000800000000)
  region size 2048K, 64 young (131072K), 8 survivors (16384K)
 Metaspace       used 104687K, committed 105472K, reserved 1179648K
  class space    used 11608K, committed 11968K, reserved 1048576K
GC Heap History (20 events):
Event: 17.150 GC heap after
{Heap after GC invocations=15 (full 0):
 garbage-first heap   total 184320K, used 83754K [0x0000000704400000, 0x0000000800000000)
  region size 2048K, 5 young (10240K), 5 survivors (10240K)
 Metaspace       used 71347K, committed 71808K, reserved 1114112K
  class space    used 8195K, committed 8384K, reserved 1048576K
}
Event: 20.014 GC heap before
{Heap before GC invocations=15 (full 0):
 garbage-first heap   total 184320K, used 151338K [0x0000000704400000, 0x0000000800000000)
  region size 2048K, 38 young (77824K), 5 survivors (10240K)
 Metaspace       used 81918K, committed 82368K, reserved 1179648K
  class space    used 9335K, committed 9536K, reserved 1048576K
}
Event: 20.032 GC heap after
{Heap after GC invocations=16 (full 0):
 garbage-first heap   total 184320K, used 88939K [0x0000000704400000, 0x0000000800000000)
  region size 2048K, 3 young (6144K), 3 survivors (6144K)
 Metaspace       used 81918K, committed 82368K, reserved 1179648K
  class space    used 9335K, committed 9536K, reserved 1048576K
}
Event: 22.099 GC heap before
{Heap before GC invocations=16 (full 0):
 garbage-first heap   total 184320K, used 154475K [0x0000000704400000, 0x0000000800000000)
  region size 2048K, 35 young (71680K), 3 survivors (6144K)
 Metaspace       used 92058K, committed 92608K, reserved 1179648K
  class space    used 10282K, committed 10496K, reserved 1048576K
}
Event: 22.110 GC heap after
{Heap after GC invocations=17 (full 0):
 garbage-first heap   total 184320K, used 96153K [0x0000000704400000, 0x0000000800000000)
  region size 2048K, 4 young (8192K), 4 survivors (8192K)
 Metaspace       used 92058K, committed 92608K, reserved 1179648K
  class space    used 10282K, committed 10496K, reserved 1048576K
}
Event: 23.313 GC heap before
{Heap before GC invocations=18 (full 0):
 garbage-first heap   total 184320K, used 165785K [0x0000000704400000, 0x0000000800000000)
  region size 2048K, 34 young (69632K), 4 survivors (8192K)
 Metaspace       used 97952K, committed 98560K, reserved 1179648K
  class space    used 10952K, committed 11200K, reserved 1048576K
}
Event: 23.328 GC heap after
{Heap after GC invocations=19 (full 0):
 garbage-first heap   total 190464K, used 119100K [0x0000000704400000, 0x0000000800000000)
  region size 2048K, 5 young (10240K), 5 survivors (10240K)
 Metaspace       used 97952K, committed 98560K, reserved 1179648K
  class space    used 10952K, committed 11200K, reserved 1048576K
}
Event: 23.738 GC heap before
{Heap before GC invocations=19 (full 0):
 garbage-first heap   total 190464K, used 160060K [0x0000000704400000, 0x0000000800000000)
  region size 2048K, 26 young (53248K), 5 survivors (10240K)
 Metaspace       used 98050K, committed 98624K, reserved 1179648K
  class space    used 10963K, committed 11200K, reserved 1048576K
}
Event: 23.749 GC heap after
{Heap after GC invocations=20 (full 0):
 garbage-first heap   total 190464K, used 131718K [0x0000000704400000, 0x0000000800000000)
  region size 2048K, 4 young (8192K), 4 survivors (8192K)
 Metaspace       used 98050K, committed 98624K, reserved 1179648K
  class space    used 10963K, committed 11200K, reserved 1048576K
}
Event: 24.050 GC heap before
{Heap before GC invocations=20 (full 0):
 garbage-first heap   total 190464K, used 162438K [0x0000000704400000, 0x0000000800000000)
  region size 2048K, 20 young (40960K), 4 survivors (8192K)
 Metaspace       used 98633K, committed 99264K, reserved 1179648K
  class space    used 11015K, committed 11264K, reserved 1048576K
}
Event: 24.059 GC heap after
{Heap after GC invocations=21 (full 0):
 garbage-first heap   total 190464K, used 139117K [0x0000000704400000, 0x0000000800000000)
  region size 2048K, 3 young (6144K), 3 survivors (6144K)
 Metaspace       used 98633K, committed 99264K, reserved 1179648K
  class space    used 11015K, committed 11264K, reserved 1048576K
}
Event: 24.793 GC heap before
{Heap before GC invocations=22 (full 0):
 garbage-first heap   total 215040K, used 157549K [0x0000000704400000, 0x0000000800000000)
  region size 2048K, 18 young (36864K), 3 survivors (6144K)
 Metaspace       used 99679K, committed 100224K, reserved 1179648K
  class space    used 11100K, committed 11328K, reserved 1048576K
}
Event: 24.803 GC heap after
{Heap after GC invocations=23 (full 0):
 garbage-first heap   total 215040K, used 130810K [0x0000000704400000, 0x0000000800000000)
  region size 2048K, 3 young (6144K), 3 survivors (6144K)
 Metaspace       used 99679K, committed 100224K, reserved 1179648K
  class space    used 11100K, committed 11328K, reserved 1048576K
}
Event: 25.741 GC heap before
{Heap before GC invocations=23 (full 0):
 garbage-first heap   total 215040K, used 184058K [0x0000000704400000, 0x0000000800000000)
  region size 2048K, 29 young (59392K), 3 survivors (6144K)
 Metaspace       used 101529K, committed 102272K, reserved 1179648K
  class space    used 11318K, committed 11648K, reserved 1048576K
}
Event: 25.753 GC heap after
{Heap after GC invocations=24 (full 0):
 garbage-first heap   total 215040K, used 112640K [0x0000000704400000, 0x0000000800000000)
  region size 2048K, 1 young (2048K), 1 survivors (2048K)
 Metaspace       used 101529K, committed 102272K, reserved 1179648K
  class space    used 11318K, committed 11648K, reserved 1048576K
}
Event: 26.328 GC heap before
{Heap before GC invocations=24 (full 0):
 garbage-first heap   total 215040K, used 184320K [0x0000000704400000, 0x0000000800000000)
  region size 2048K, 36 young (73728K), 1 survivors (2048K)
 Metaspace       used 102015K, committed 102784K, reserved 1179648K
  class space    used 11355K, committed 11712K, reserved 1048576K
}
Event: 26.348 GC heap after
{Heap after GC invocations=25 (full 0):
 garbage-first heap   total 258048K, used 106518K [0x0000000704400000, 0x0000000800000000)
  region size 2048K, 2 young (4096K), 2 survivors (4096K)
 Metaspace       used 102015K, committed 102784K, reserved 1179648K
  class space    used 11355K, committed 11712K, reserved 1048576K
}
Event: 28.174 GC heap before
{Heap before GC invocations=25 (full 0):
 garbage-first heap   total 258048K, used 215062K [0x0000000704400000, 0x0000000800000000)
  region size 2048K, 56 young (114688K), 2 survivors (4096K)
 Metaspace       used 104214K, committed 104960K, reserved 1179648K
  class space    used 11574K, committed 11904K, reserved 1048576K
}
Event: 28.182 GC heap after
{Heap after GC invocations=26 (full 0):
 garbage-first heap   total 258048K, used 108800K [0x0000000704400000, 0x0000000800000000)
  region size 2048K, 3 young (6144K), 3 survivors (6144K)
 Metaspace       used 104214K, committed 104960K, reserved 1179648K
  class space    used 11574K, committed 11904K, reserved 1048576K
}
Event: 35.056 GC heap before
{Heap before GC invocations=27 (full 0):
 garbage-first heap   total 258048K, used 233728K [0x0000000704400000, 0x0000000800000000)
  region size 2048K, 59 young (120832K), 3 survivors (6144K)
 Metaspace       used 104687K, committed 105472K, reserved 1179648K
  class space    used 11608K, committed 11968K, reserved 1048576K
}

