# JRE version: Java(TM) SE Runtime Environment (21.0.6+8) (build 21.0.6+8-LTS-188)
# Java VM: Java HotSpot(TM) 64-Bit Server VM (21.0.6+8-LTS-188, mixed mode, sharing, tiered, compressed oops, compressed class ptrs, g1 gc, windows-amd64)
GC Precious Log:
 CardTable entry size: 512
 Card Set container configuration: InlinePtr #cards 4 size 8 Array Of Cards #cards 16 size 48 Howl #buckets 8 coarsen threshold 3686 Howl Bitmap #cards 512 size 80 coarsen threshold 460 Card regions per heap region 1 cards per card region 4096
 CPUs: 12 total, 12 available
 Memory: 16108M
 Large Page Support: Disabled
 NUMA Support: Disabled
 Compressed Oops: Enabled (Zero based)
 Heap Region Size: 2M
 Heap Min Capacity: 8M
 Heap Initial Capacity: 252M
 Heap Max Capacity: 4028M
 Pre-touch: Disabled
 Parallel Workers: 10
 Concurrent Workers: 3
 Concurrent Refinement Workers: 10
 Periodic GC: Disabled
Heap:
 garbage-first heap   total 192512K, used 124820K [0x0000000704400000, 0x0000000800000000)
  region size 2048K, 10 young (20480K), 3 survivors (6144K)
 Metaspace       used 84984K, committed 85568K, reserved 1179648K
  class space    used 9505K, committed 9792K, reserved 1048576K
GC Heap History (20 events):
Event: 46.323 GC heap before
{Heap before GC invocations=8 (full 0):
 garbage-first heap   total 153600K, used 58315K [0x0000000704400000, 0x0000000800000000)
  region size 2048K, 4 young (8192K), 3 survivors (6144K)
 Metaspace       used 36148K, committed 36608K, reserved 1114112K
  class space    used 3923K, committed 4160K, reserved 1048576K
}
Event: 46.328 GC heap after
{Heap after GC invocations=9 (full 0):
 garbage-first heap   total 153600K, used 61054K [0x0000000704400000, 0x0000000800000000)
  region size 2048K, 1 young (2048K), 1 survivors (2048K)
 Metaspace       used 36148K, committed 36608K, reserved 1114112K
  class space    used 3923K, committed 4160K, reserved 1048576K
}
Event: 48.405 GC heap before
{Heap before GC invocations=10 (full 0):
 garbage-first heap   total 153600K, used 130686K [0x0000000704400000, 0x0000000800000000)
  region size 2048K, 35 young (71680K), 1 survivors (2048K)
 Metaspace       used 49935K, committed 50432K, reserved 1114112K
  class space    used 5853K, committed 6080K, reserved 1048576K
}
Event: 48.413 GC heap after
{Heap after GC invocations=11 (full 0):
 garbage-first heap   total 153600K, used 63488K [0x0000000704400000, 0x0000000800000000)
  region size 2048K, 2 young (4096K), 2 survivors (4096K)
 Metaspace       used 49935K, committed 50432K, reserved 1114112K
  class space    used 5853K, committed 6080K, reserved 1048576K
}
Event: 50.499 GC heap before
{Heap before GC invocations=11 (full 0):
 garbage-first heap   total 153600K, used 126976K [0x0000000704400000, 0x0000000800000000)
  region size 2048K, 34 young (69632K), 2 survivors (4096K)
 Metaspace       used 61085K, committed 61568K, reserved 1114112K
  class space    used 6928K, committed 7168K, reserved 1048576K
}
Event: 50.509 GC heap after
{Heap after GC invocations=12 (full 0):
 garbage-first heap   total 153600K, used 67475K [0x0000000704400000, 0x0000000800000000)
  region size 2048K, 5 young (10240K), 5 survivors (10240K)
 Metaspace       used 61085K, committed 61568K, reserved 1114112K
  class space    used 6928K, committed 7168K, reserved 1048576K
}
Event: 50.556 GC heap before
{Heap before GC invocations=12 (full 0):
 garbage-first heap   total 153600K, used 69523K [0x0000000704400000, 0x0000000800000000)
  region size 2048K, 7 young (14336K), 5 survivors (10240K)
 Metaspace       used 61435K, committed 61888K, reserved 1114112K
  class space    used 6962K, committed 7168K, reserved 1048576K
}
Event: 50.565 GC heap after
{Heap after GC invocations=13 (full 0):
 garbage-first heap   total 153600K, used 67826K [0x0000000704400000, 0x0000000800000000)
  region size 2048K, 3 young (6144K), 3 survivors (6144K)
 Metaspace       used 61435K, committed 61888K, reserved 1114112K
  class space    used 6962K, committed 7168K, reserved 1048576K
}
Event: 52.743 GC heap before
{Heap before GC invocations=14 (full 0):
 garbage-first heap   total 153600K, used 133362K [0x0000000704400000, 0x0000000800000000)
  region size 2048K, 35 young (71680K), 3 survivors (6144K)
 Metaspace       used 67640K, committed 68096K, reserved 1114112K
  class space    used 7641K, committed 7872K, reserved 1048576K
}
Event: 52.763 GC heap after
{Heap after GC invocations=15 (full 0):
 garbage-first heap   total 153600K, used 80679K [0x0000000704400000, 0x0000000800000000)
  region size 2048K, 5 young (10240K), 5 survivors (10240K)
 Metaspace       used 67640K, committed 68096K, reserved 1114112K
  class space    used 7641K, committed 7872K, reserved 1048576K
}
Event: 55.438 GC heap before
{Heap before GC invocations=15 (full 0):
 garbage-first heap   total 153600K, used 129831K [0x0000000704400000, 0x0000000800000000)
  region size 2048K, 29 young (59392K), 5 survivors (10240K)
 Metaspace       used 77858K, committed 78400K, reserved 1179648K
  class space    used 8719K, committed 8960K, reserved 1048576K
}
Event: 55.457 GC heap after
{Heap after GC invocations=16 (full 0):
 garbage-first heap   total 153600K, used 83623K [0x0000000704400000, 0x0000000800000000)
  region size 2048K, 2 young (4096K), 2 survivors (4096K)
 Metaspace       used 77858K, committed 78400K, reserved 1179648K
  class space    used 8719K, committed 8960K, reserved 1048576K
}
Event: 56.994 GC heap before
{Heap before GC invocations=16 (full 0):
 garbage-first heap   total 153600K, used 102055K [0x0000000704400000, 0x0000000800000000)
  region size 2048K, 13 young (26624K), 2 survivors (4096K)
 Metaspace       used 78370K, committed 78848K, reserved 1179648K
  class space    used 8776K, committed 8960K, reserved 1048576K
}
Event: 57.001 GC heap after
{Heap after GC invocations=17 (full 0):
 garbage-first heap   total 153600K, used 82957K [0x0000000704400000, 0x0000000800000000)
  region size 2048K, 2 young (4096K), 2 survivors (4096K)
 Metaspace       used 78370K, committed 78848K, reserved 1179648K
  class space    used 8776K, committed 8960K, reserved 1048576K
}
Event: 59.840 GC heap before
{Heap before GC invocations=18 (full 0):
 garbage-first heap   total 153600K, used 142349K [0x0000000704400000, 0x0000000800000000)
  region size 2048K, 28 young (57344K), 2 survivors (4096K)
 Metaspace       used 84165K, committed 84672K, reserved 1179648K
  class space    used 9433K, committed 9664K, reserved 1048576K
}
Event: 59.863 GC heap after
{Heap after GC invocations=19 (full 0):
 garbage-first heap   total 167936K, used 109457K [0x0000000704400000, 0x0000000800000000)
  region size 2048K, 4 young (8192K), 4 survivors (8192K)
 Metaspace       used 84165K, committed 84672K, reserved 1179648K
  class space    used 9433K, committed 9664K, reserved 1048576K
}
Event: 60.979 GC heap before
{Heap before GC invocations=19 (full 0):
 garbage-first heap   total 167936K, used 144273K [0x0000000704400000, 0x0000000800000000)
  region size 2048K, 22 young (45056K), 4 survivors (8192K)
 Metaspace       used 84193K, committed 84736K, reserved 1179648K
  class space    used 9433K, committed 9664K, reserved 1048576K
}
Event: 61.001 GC heap after
{Heap after GC invocations=20 (full 0):
 garbage-first heap   total 169984K, used 121371K [0x0000000704400000, 0x0000000800000000)
  region size 2048K, 3 young (6144K), 3 survivors (6144K)
 Metaspace       used 84193K, committed 84736K, reserved 1179648K
  class space    used 9433K, committed 9664K, reserved 1048576K
}
Event: 61.658 GC heap before
{Heap before GC invocations=20 (full 0):
 garbage-first heap   total 169984K, used 147995K [0x0000000704400000, 0x0000000800000000)
  region size 2048K, 17 young (34816K), 3 survivors (6144K)
 Metaspace       used 84808K, committed 85440K, reserved 1179648K
  class space    used 9497K, committed 9792K, reserved 1048576K
}
Event: 61.670 GC heap after
{Heap after GC invocations=21 (full 0):
 garbage-first heap   total 169984K, used 128916K [0x0000000704400000, 0x0000000800000000)
  region size 2048K, 3 young (6144K), 3 survivors (6144K)
 Metaspace       used 84808K, committed 85440K, reserved 1179648K
  class space    used 9497K, committed 9792K, reserved 1048576K
}

